TN:
SF:src\controllers\appointment.controller.ts
FN:6,(anonymous_0)
FN:12,(anonymous_1)
FN:21,(anonymous_2)
FN:31,(anonymous_3)
FN:41,(anonymous_4)
FN:51,(anonymous_5)
FNF:6
FNH:6
FNDA:18,(anonymous_0)
FNDA:5,(anonymous_1)
FNDA:3,(anonymous_2)
FNDA:4,(anonymous_3)
FNDA:3,(anonymous_4)
FNDA:3,(anonymous_5)
DA:2,1
DA:6,1
DA:7,18
DA:8,18
DA:13,5
DA:14,5
DA:15,1
DA:17,4
DA:22,3
DA:23,3
DA:24,3
DA:25,1
DA:27,2
DA:32,4
DA:33,4
DA:34,2
DA:35,1
DA:37,2
DA:42,3
DA:43,3
DA:44,2
DA:45,1
DA:47,1
DA:52,3
DA:53,3
DA:54,2
DA:55,1
DA:57,1
DA:62,1
LF:29
LH:29
BRDA:17,0,0,4
BRDA:17,0,1,0
BRDA:17,1,0,4
BRDA:17,1,1,0
BRDA:27,2,0,2
BRDA:27,2,1,1
BRDA:27,3,0,2
BRDA:27,3,1,0
BRDA:34,4,0,1
BRDA:34,4,1,1
BRDA:37,5,0,2
BRDA:37,5,1,1
BRDA:37,6,0,2
BRDA:37,6,1,0
BRDA:44,7,0,1
BRDA:44,7,1,1
BRDA:47,8,0,1
BRDA:47,8,1,0
BRDA:47,9,0,1
BRDA:47,9,1,0
BRDA:54,10,0,1
BRDA:54,10,1,1
BRDA:57,11,0,1
BRDA:57,11,1,0
BRDA:57,12,0,1
BRDA:57,12,1,0
BRF:26
BRH:18
end_of_record
TN:
SF:src\models\Appointment.ts
FNF:0
FNH:0
DA:1,1
DA:23,1
DA:41,1
DA:42,1
DA:44,1
LF:5
LH:5
BRF:0
BRH:0
end_of_record
TN:
SF:src\services\appointment.service.ts
FN:10,(anonymous_0)
FN:66,(anonymous_1)
FN:90,(anonymous_2)
FN:103,(anonymous_3)
FN:150,(anonymous_4)
FNF:5
FNH:5
FNDA:7,(anonymous_0)
FNDA:3,(anonymous_1)
FNDA:2,(anonymous_2)
FNDA:4,(anonymous_3)
FNDA:3,(anonymous_4)
DA:1,1
DA:3,1
DA:4,1
DA:9,1
DA:11,7
DA:12,1
DA:15,6
DA:16,6
DA:17,1
DA:19,5
DA:20,1
DA:23,4
DA:24,4
DA:25,4
DA:26,4
DA:27,1
DA:31,3
DA:32,3
DA:33,3
DA:34,3
DA:35,3
DA:36,1
DA:43,2
DA:49,2
DA:50,1
DA:53,1
DA:63,1
DA:70,3
DA:71,3
DA:72,1
DA:73,2
DA:74,1
DA:77,3
DA:78,3
DA:80,3
DA:81,1
DA:82,1
DA:83,1
DA:86,3
DA:87,3
DA:91,2
DA:92,2
DA:94,2
DA:95,2
DA:96,2
DA:97,2
DA:98,1
DA:100,1
DA:104,4
DA:105,4
DA:107,4
DA:108,4
DA:109,4
DA:111,4
DA:112,0
DA:116,4
DA:117,1
DA:121,3
DA:122,3
DA:123,3
DA:124,3
DA:125,3
DA:126,3
DA:129,3
DA:130,3
DA:131,3
DA:132,1
DA:135,2
DA:142,2
DA:143,1
DA:146,1
DA:147,1
DA:151,3
DA:152,3
DA:154,2
DA:155,2
DA:156,2
DA:157,1
DA:160,1
DA:161,1
DA:165,1
LF:81
LH:80
BRDA:11,0,0,1
BRDA:11,0,1,6
BRDA:11,1,0,7
BRDA:11,1,1,7
BRDA:16,2,0,1
BRDA:16,2,1,5
BRDA:19,3,0,1
BRDA:19,3,1,4
BRDA:25,4,0,4
BRDA:25,4,1,4
BRDA:26,5,0,1
BRDA:26,5,1,3
BRDA:26,6,0,4
BRDA:26,6,1,4
BRDA:31,7,0,3
BRDA:31,7,1,0
BRDA:35,8,0,1
BRDA:35,8,1,2
BRDA:49,9,0,1
BRDA:49,9,1,1
BRDA:59,10,0,1
BRDA:59,10,1,0
BRDA:71,11,0,1
BRDA:71,11,1,2
BRDA:73,12,0,1
BRDA:73,12,1,1
BRDA:77,13,0,1
BRDA:77,13,1,2
BRDA:78,14,0,1
BRDA:78,14,1,2
BRDA:80,15,0,1
BRDA:80,15,1,2
BRDA:80,16,0,3
BRDA:80,16,1,2
BRDA:82,17,0,1
BRDA:82,17,1,0
BRDA:83,18,0,1
BRDA:83,18,1,0
BRDA:92,19,0,0
BRDA:92,19,1,2
BRDA:97,20,0,1
BRDA:97,20,1,1
BRDA:97,21,0,2
BRDA:97,21,1,1
BRDA:97,21,2,1
BRDA:105,22,0,0
BRDA:105,22,1,4
BRDA:111,23,0,0
BRDA:111,23,1,4
BRDA:111,24,0,4
BRDA:111,24,1,3
BRDA:111,24,2,2
BRDA:116,25,0,1
BRDA:116,25,1,3
BRDA:116,26,0,4
BRDA:116,26,1,1
BRDA:116,27,0,1
BRDA:116,27,1,1
BRDA:122,28,0,3
BRDA:122,28,1,0
BRDA:123,29,0,3
BRDA:123,29,1,0
BRDA:124,30,0,1
BRDA:124,30,1,2
BRDA:125,31,0,0
BRDA:125,31,1,3
BRDA:126,32,0,0
BRDA:126,32,1,3
BRDA:129,33,0,3
BRDA:129,33,1,0
BRDA:130,34,0,3
BRDA:130,34,1,0
BRDA:131,35,0,1
BRDA:131,35,1,2
BRDA:131,36,0,3
BRDA:131,36,1,3
BRDA:131,36,2,3
BRDA:142,37,0,1
BRDA:142,37,1,1
BRDA:152,38,0,1
BRDA:152,38,1,2
BRDA:156,39,0,1
BRDA:156,39,1,1
BRDA:156,40,0,2
BRDA:156,40,1,1
BRF:85
BRH:72
end_of_record
