{"C:\\Users\\Usuario\\OneDrive\\Escritorio\\uni\\compunet\\nodeapp-taller\\nodejs-tuxnet\\backend\\src\\controllers\\appointment.controller.ts": {"path":"C:\\Users\\Usuario\\OneDrive\\Escritorio\\uni\\compunet\\nodeapp-taller\\nodejs-tuxnet\\backend\\src\\controllers\\appointment.controller.ts","statementMap":{"0":{"start":{"line":2,"column":0},"end":{"line":2,"column":49}},"1":{"start":{"line":6,"column":12},"end":{"line":9,"column":1}},"2":{"start":{"line":7,"column":12},"end":{"line":7,"column":21}},"3":{"start":{"line":8,"column":2},"end":{"line":8,"column":44}},"4":{"start":{"line":13,"column":4},"end":{"line":18,"column":5}},"5":{"start":{"line":14,"column":21},"end":{"line":14,"column":72}},"6":{"start":{"line":15,"column":6},"end":{"line":15,"column":35}},"7":{"start":{"line":17,"column":6},"end":{"line":17,"column":81}},"8":{"start":{"line":22,"column":4},"end":{"line":28,"column":5}},"9":{"start":{"line":23,"column":47},"end":{"line":23,"column":82}},"10":{"start":{"line":24,"column":21},"end":{"line":24,"column":94}},"11":{"start":{"line":25,"column":6},"end":{"line":25,"column":35}},"12":{"start":{"line":27,"column":6},"end":{"line":27,"column":81}},"13":{"start":{"line":32,"column":4},"end":{"line":38,"column":5}},"14":{"start":{"line":33,"column":19},"end":{"line":33,"column":75}},"15":{"start":{"line":34,"column":6},"end":{"line":34,"column":71}},"16":{"start":{"line":34,"column":17},"end":{"line":34,"column":71}},"17":{"start":{"line":35,"column":6},"end":{"line":35,"column":33}},"18":{"start":{"line":37,"column":6},"end":{"line":37,"column":81}},"19":{"start":{"line":42,"column":4},"end":{"line":48,"column":5}},"20":{"start":{"line":43,"column":19},"end":{"line":43,"column":85}},"21":{"start":{"line":44,"column":6},"end":{"line":44,"column":71}},"22":{"start":{"line":44,"column":17},"end":{"line":44,"column":71}},"23":{"start":{"line":45,"column":6},"end":{"line":45,"column":33}},"24":{"start":{"line":47,"column":6},"end":{"line":47,"column":81}},"25":{"start":{"line":52,"column":4},"end":{"line":58,"column":5}},"26":{"start":{"line":53,"column":17},"end":{"line":53,"column":73}},"27":{"start":{"line":54,"column":6},"end":{"line":54,"column":69}},"28":{"start":{"line":54,"column":15},"end":{"line":54,"column":69}},"29":{"start":{"line":55,"column":6},"end":{"line":55,"column":46}},"30":{"start":{"line":57,"column":6},"end":{"line":57,"column":81}},"31":{"start":{"line":62,"column":13},"end":{"line":62,"column":65}}},"fnMap":{"0":{"name":"(anonymous_0)","decl":{"start":{"line":6,"column":12},"end":{"line":6,"column":13}},"loc":{"start":{"line":6,"column":29},"end":{"line":9,"column":1}}},"1":{"name":"(anonymous_1)","decl":{"start":{"line":12,"column":2},"end":{"line":12,"column":7}},"loc":{"start":{"line":12,"column":42},"end":{"line":19,"column":3}}},"2":{"name":"(anonymous_2)","decl":{"start":{"line":21,"column":2},"end":{"line":21,"column":7}},"loc":{"start":{"line":21,"column":40},"end":{"line":29,"column":3}}},"3":{"name":"(anonymous_3)","decl":{"start":{"line":31,"column":2},"end":{"line":31,"column":7}},"loc":{"start":{"line":31,"column":42},"end":{"line":39,"column":3}}},"4":{"name":"(anonymous_4)","decl":{"start":{"line":41,"column":2},"end":{"line":41,"column":7}},"loc":{"start":{"line":41,"column":42},"end":{"line":49,"column":3}}},"5":{"name":"(anonymous_5)","decl":{"start":{"line":51,"column":2},"end":{"line":51,"column":7}},"loc":{"start":{"line":51,"column":42},"end":{"line":59,"column":3}}}},"branchMap":{"0":{"loc":{"start":{"line":17,"column":17},"end":{"line":17,"column":32}},"type":"binary-expr","locations":[{"start":{"line":17,"column":17},"end":{"line":17,"column":25}},{"start":{"line":17,"column":29},"end":{"line":17,"column":32}}]},"1":{"loc":{"start":{"line":17,"column":50},"end":{"line":17,"column":77}},"type":"binary-expr","locations":[{"start":{"line":17,"column":50},"end":{"line":17,"column":59}},{"start":{"line":17,"column":63},"end":{"line":17,"column":77}}]},"2":{"loc":{"start":{"line":27,"column":17},"end":{"line":27,"column":32}},"type":"binary-expr","locations":[{"start":{"line":27,"column":17},"end":{"line":27,"column":25}},{"start":{"line":27,"column":29},"end":{"line":27,"column":32}}]},"3":{"loc":{"start":{"line":27,"column":50},"end":{"line":27,"column":77}},"type":"binary-expr","locations":[{"start":{"line":27,"column":50},"end":{"line":27,"column":59}},{"start":{"line":27,"column":63},"end":{"line":27,"column":77}}]},"4":{"loc":{"start":{"line":34,"column":6},"end":{"line":34,"column":71}},"type":"if","locations":[{"start":{"line":34,"column":6},"end":{"line":34,"column":71}},{"start":{},"end":{}}]},"5":{"loc":{"start":{"line":37,"column":17},"end":{"line":37,"column":32}},"type":"binary-expr","locations":[{"start":{"line":37,"column":17},"end":{"line":37,"column":25}},{"start":{"line":37,"column":29},"end":{"line":37,"column":32}}]},"6":{"loc":{"start":{"line":37,"column":50},"end":{"line":37,"column":77}},"type":"binary-expr","locations":[{"start":{"line":37,"column":50},"end":{"line":37,"column":59}},{"start":{"line":37,"column":63},"end":{"line":37,"column":77}}]},"7":{"loc":{"start":{"line":44,"column":6},"end":{"line":44,"column":71}},"type":"if","locations":[{"start":{"line":44,"column":6},"end":{"line":44,"column":71}},{"start":{},"end":{}}]},"8":{"loc":{"start":{"line":47,"column":17},"end":{"line":47,"column":32}},"type":"binary-expr","locations":[{"start":{"line":47,"column":17},"end":{"line":47,"column":25}},{"start":{"line":47,"column":29},"end":{"line":47,"column":32}}]},"9":{"loc":{"start":{"line":47,"column":50},"end":{"line":47,"column":77}},"type":"binary-expr","locations":[{"start":{"line":47,"column":50},"end":{"line":47,"column":59}},{"start":{"line":47,"column":63},"end":{"line":47,"column":77}}]},"10":{"loc":{"start":{"line":54,"column":6},"end":{"line":54,"column":69}},"type":"if","locations":[{"start":{"line":54,"column":6},"end":{"line":54,"column":69}},{"start":{},"end":{}}]},"11":{"loc":{"start":{"line":57,"column":17},"end":{"line":57,"column":32}},"type":"binary-expr","locations":[{"start":{"line":57,"column":17},"end":{"line":57,"column":25}},{"start":{"line":57,"column":29},"end":{"line":57,"column":32}}]},"12":{"loc":{"start":{"line":57,"column":50},"end":{"line":57,"column":77}},"type":"binary-expr","locations":[{"start":{"line":57,"column":50},"end":{"line":57,"column":59}},{"start":{"line":57,"column":63},"end":{"line":57,"column":77}}]}},"s":{"0":1,"1":1,"2":18,"3":18,"4":5,"5":5,"6":1,"7":4,"8":3,"9":3,"10":3,"11":1,"12":2,"13":4,"14":4,"15":2,"16":1,"17":1,"18":2,"19":3,"20":3,"21":2,"22":1,"23":1,"24":1,"25":3,"26":3,"27":2,"28":1,"29":1,"30":1,"31":1},"f":{"0":18,"1":5,"2":3,"3":4,"4":3,"5":3},"b":{"0":[4,0],"1":[4,0],"2":[2,1],"3":[2,0],"4":[1,1],"5":[2,1],"6":[2,0],"7":[1,1],"8":[1,0],"9":[1,0],"10":[1,1],"11":[1,0],"12":[1,0]}}
,"C:\\Users\\Usuario\\OneDrive\\Escritorio\\uni\\compunet\\nodeapp-taller\\nodejs-tuxnet\\backend\\src\\models\\Appointment.ts": {"path":"C:\\Users\\Usuario\\OneDrive\\Escritorio\\uni\\compunet\\nodeapp-taller\\nodejs-tuxnet\\backend\\src\\models\\Appointment.ts","statementMap":{"0":{"start":{"line":1,"column":0},"end":{"line":1,"column":48}},"1":{"start":{"line":23,"column":26},"end":{"line":38,"column":null}},"2":{"start":{"line":41,"column":0},"end":{"line":41,"column":54}},"3":{"start":{"line":42,"column":0},"end":{"line":42,"column":52}},"4":{"start":{"line":44,"column":13},"end":{"line":44,"column":93}}},"fnMap":{},"branchMap":{},"s":{"0":1,"1":1,"2":1,"3":1,"4":1},"f":{},"b":{}}
,"C:\\Users\\Usuario\\OneDrive\\Escritorio\\uni\\compunet\\nodeapp-taller\\nodejs-tuxnet\\backend\\src\\services\\appointment.service.ts": {"path":"C:\\Users\\Usuario\\OneDrive\\Escritorio\\uni\\compunet\\nodeapp-taller\\nodejs-tuxnet\\backend\\src\\services\\appointment.service.ts","statementMap":{"0":{"start":{"line":1,"column":0},"end":{"line":1,"column":46}},"1":{"start":{"line":3,"column":0},"end":{"line":3,"column":41}},"2":{"start":{"line":4,"column":0},"end":{"line":4,"column":57}},"3":{"start":{"line":11,"column":4},"end":{"line":13,"column":5}},"4":{"start":{"line":12,"column":6},"end":{"line":12,"column":90}},"5":{"start":{"line":15,"column":16},"end":{"line":15,"column":60}},"6":{"start":{"line":16,"column":4},"end":{"line":18,"column":5}},"7":{"start":{"line":17,"column":6},"end":{"line":17,"column":75}},"8":{"start":{"line":19,"column":4},"end":{"line":21,"column":5}},"9":{"start":{"line":20,"column":6},"end":{"line":20,"column":74}},"10":{"start":{"line":23,"column":18},"end":{"line":23,"column":41}},"11":{"start":{"line":24,"column":16},"end":{"line":24,"column":37}},"12":{"start":{"line":25,"column":25},"end":{"line":25,"column":67}},"13":{"start":{"line":26,"column":4},"end":{"line":28,"column":5}},"14":{"start":{"line":27,"column":6},"end":{"line":27,"column":76}},"15":{"start":{"line":31,"column":4},"end":{"line":41,"column":5}},"16":{"start":{"line":32,"column":27},"end":{"line":32,"column":60}},"17":{"start":{"line":33,"column":22},"end":{"line":33,"column":75}},"18":{"start":{"line":34,"column":18},"end":{"line":34,"column":19}},"19":{"start":{"line":35,"column":6},"end":{"line":40,"column":7}},"20":{"start":{"line":36,"column":8},"end":{"line":39,"column":10}},"21":{"start":{"line":43,"column":20},"end":{"line":48,"column":6}},"22":{"start":{"line":49,"column":4},"end":{"line":51,"column":5}},"23":{"start":{"line":50,"column":6},"end":{"line":50,"column":96}},"24":{"start":{"line":53,"column":20},"end":{"line":62,"column":6}},"25":{"start":{"line":63,"column":4},"end":{"line":63,"column":19}},"26":{"start":{"line":70,"column":37},"end":{"line":70,"column":39}},"27":{"start":{"line":71,"column":4},"end":{"line":75,"column":5}},"28":{"start":{"line":72,"column":6},"end":{"line":72,"column":53}},"29":{"start":{"line":73,"column":11},"end":{"line":75,"column":5}},"30":{"start":{"line":74,"column":6},"end":{"line":74,"column":52}},"31":{"start":{"line":77,"column":4},"end":{"line":77,"column":75}},"32":{"start":{"line":77,"column":23},"end":{"line":77,"column":75}},"33":{"start":{"line":78,"column":4},"end":{"line":78,"column":81}},"34":{"start":{"line":78,"column":25},"end":{"line":78,"column":81}},"35":{"start":{"line":80,"column":4},"end":{"line":84,"column":5}},"36":{"start":{"line":81,"column":6},"end":{"line":81,"column":34}},"37":{"start":{"line":82,"column":6},"end":{"line":82,"column":75}},"38":{"start":{"line":82,"column":23},"end":{"line":82,"column":75}},"39":{"start":{"line":83,"column":6},"end":{"line":83,"column":71}},"40":{"start":{"line":83,"column":21},"end":{"line":83,"column":71}},"41":{"start":{"line":86,"column":18},"end":{"line":86,"column":75}},"42":{"start":{"line":87,"column":4},"end":{"line":87,"column":17}},"43":{"start":{"line":91,"column":17},"end":{"line":91,"column":52}},"44":{"start":{"line":92,"column":4},"end":{"line":92,"column":27}},"45":{"start":{"line":92,"column":15},"end":{"line":92,"column":27}},"46":{"start":{"line":94,"column":20},"end":{"line":94,"column":54}},"47":{"start":{"line":95,"column":22},"end":{"line":95,"column":55}},"48":{"start":{"line":96,"column":20},"end":{"line":96,"column":41}},"49":{"start":{"line":97,"column":4},"end":{"line":99,"column":5}},"50":{"start":{"line":98,"column":6},"end":{"line":98,"column":67}},"51":{"start":{"line":100,"column":4},"end":{"line":100,"column":16}},"52":{"start":{"line":104,"column":17},"end":{"line":104,"column":52}},"53":{"start":{"line":105,"column":4},"end":{"line":105,"column":27}},"54":{"start":{"line":105,"column":15},"end":{"line":105,"column":27}},"55":{"start":{"line":107,"column":20},"end":{"line":107,"column":54}},"56":{"start":{"line":108,"column":22},"end":{"line":108,"column":55}},"57":{"start":{"line":109,"column":20},"end":{"line":109,"column":41}},"58":{"start":{"line":111,"column":4},"end":{"line":113,"column":5}},"59":{"start":{"line":112,"column":6},"end":{"line":112,"column":67}},"60":{"start":{"line":116,"column":4},"end":{"line":118,"column":5}},"61":{"start":{"line":117,"column":6},"end":{"line":117,"column":67}},"62":{"start":{"line":121,"column":22},"end":{"line":121,"column":24}},"63":{"start":{"line":122,"column":4},"end":{"line":122,"column":63}},"64":{"start":{"line":122,"column":23},"end":{"line":122,"column":63}},"65":{"start":{"line":123,"column":4},"end":{"line":123,"column":57}},"66":{"start":{"line":123,"column":21},"end":{"line":123,"column":57}},"67":{"start":{"line":124,"column":4},"end":{"line":124,"column":58}},"68":{"start":{"line":124,"column":34},"end":{"line":124,"column":58}},"69":{"start":{"line":125,"column":4},"end":{"line":125,"column":70}},"70":{"start":{"line":125,"column":38},"end":{"line":125,"column":70}},"71":{"start":{"line":126,"column":4},"end":{"line":126,"column":47}},"72":{"start":{"line":126,"column":21},"end":{"line":126,"column":47}},"73":{"start":{"line":129,"column":21},"end":{"line":129,"column":51}},"74":{"start":{"line":130,"column":19},"end":{"line":130,"column":45}},"75":{"start":{"line":131,"column":4},"end":{"line":133,"column":5}},"76":{"start":{"line":132,"column":6},"end":{"line":132,"column":76}},"77":{"start":{"line":135,"column":20},"end":{"line":141,"column":6}},"78":{"start":{"line":142,"column":4},"end":{"line":144,"column":5}},"79":{"start":{"line":143,"column":6},"end":{"line":143,"column":96}},"80":{"start":{"line":146,"column":20},"end":{"line":146,"column":106}},"81":{"start":{"line":147,"column":4},"end":{"line":147,"column":19}},"82":{"start":{"line":151,"column":17},"end":{"line":151,"column":52}},"83":{"start":{"line":152,"column":4},"end":{"line":152,"column":28}},"84":{"start":{"line":152,"column":15},"end":{"line":152,"column":28}},"85":{"start":{"line":154,"column":20},"end":{"line":154,"column":54}},"86":{"start":{"line":155,"column":20},"end":{"line":155,"column":41}},"87":{"start":{"line":156,"column":4},"end":{"line":158,"column":5}},"88":{"start":{"line":157,"column":6},"end":{"line":157,"column":67}},"89":{"start":{"line":160,"column":16},"end":{"line":160,"column":67}},"90":{"start":{"line":161,"column":4},"end":{"line":161,"column":34}},"91":{"start":{"line":9,"column":0},"end":{"line":9,"column":13}},"92":{"start":{"line":165,"column":13},"end":{"line":165,"column":59}}},"fnMap":{"0":{"name":"(anonymous_0)","decl":{"start":{"line":10,"column":2},"end":{"line":10,"column":7}},"loc":{"start":{"line":10,"column":52},"end":{"line":64,"column":3}}},"1":{"name":"(anonymous_1)","decl":{"start":{"line":66,"column":2},"end":{"line":66,"column":7}},"loc":{"start":{"line":68,"column":17},"end":{"line":88,"column":3}}},"2":{"name":"(anonymous_2)","decl":{"start":{"line":90,"column":2},"end":{"line":90,"column":7}},"loc":{"start":{"line":90,"column":40},"end":{"line":101,"column":3}}},"3":{"name":"(anonymous_3)","decl":{"start":{"line":103,"column":2},"end":{"line":103,"column":7}},"loc":{"start":{"line":103,"column":70},"end":{"line":148,"column":3}}},"4":{"name":"(anonymous_4)","decl":{"start":{"line":150,"column":2},"end":{"line":150,"column":7}},"loc":{"start":{"line":150,"column":40},"end":{"line":162,"column":3}}}},"branchMap":{"0":{"loc":{"start":{"line":11,"column":4},"end":{"line":13,"column":5}},"type":"if","locations":[{"start":{"line":11,"column":4},"end":{"line":13,"column":5}},{"start":{},"end":{}}]},"1":{"loc":{"start":{"line":11,"column":8},"end":{"line":11,"column":60}},"type":"binary-expr","locations":[{"start":{"line":11,"column":8},"end":{"line":11,"column":30}},{"start":{"line":11,"column":34},"end":{"line":11,"column":60}}]},"2":{"loc":{"start":{"line":16,"column":4},"end":{"line":18,"column":5}},"type":"if","locations":[{"start":{"line":16,"column":4},"end":{"line":18,"column":5}},{"start":{},"end":{}}]},"3":{"loc":{"start":{"line":19,"column":4},"end":{"line":21,"column":5}},"type":"if","locations":[{"start":{"line":19,"column":4},"end":{"line":21,"column":5}},{"start":{},"end":{}}]},"4":{"loc":{"start":{"line":25,"column":25},"end":{"line":25,"column":67}},"type":"binary-expr","locations":[{"start":{"line":25,"column":25},"end":{"line":25,"column":45}},{"start":{"line":25,"column":49},"end":{"line":25,"column":67}}]},"5":{"loc":{"start":{"line":26,"column":4},"end":{"line":28,"column":5}},"type":"if","locations":[{"start":{"line":26,"column":4},"end":{"line":28,"column":5}},{"start":{},"end":{}}]},"6":{"loc":{"start":{"line":26,"column":8},"end":{"line":26,"column":36}},"type":"binary-expr","locations":[{"start":{"line":26,"column":8},"end":{"line":26,"column":20}},{"start":{"line":26,"column":24},"end":{"line":26,"column":36}}]},"7":{"loc":{"start":{"line":31,"column":4},"end":{"line":41,"column":5}},"type":"if","locations":[{"start":{"line":31,"column":4},"end":{"line":41,"column":5}},{"start":{},"end":{}}]},"8":{"loc":{"start":{"line":35,"column":6},"end":{"line":40,"column":7}},"type":"if","locations":[{"start":{"line":35,"column":6},"end":{"line":40,"column":7}},{"start":{},"end":{}}]},"9":{"loc":{"start":{"line":49,"column":4},"end":{"line":51,"column":5}},"type":"if","locations":[{"start":{"line":49,"column":4},"end":{"line":51,"column":5}},{"start":{},"end":{}}]},"10":{"loc":{"start":{"line":59,"column":13},"end":{"line":59,"column":29}},"type":"binary-expr","locations":[{"start":{"line":59,"column":13},"end":{"line":59,"column":23}},{"start":{"line":59,"column":27},"end":{"line":59,"column":29}}]},"11":{"loc":{"start":{"line":71,"column":4},"end":{"line":75,"column":5}},"type":"if","locations":[{"start":{"line":71,"column":4},"end":{"line":75,"column":5}},{"start":{"line":73,"column":11},"end":{"line":75,"column":5}}]},"12":{"loc":{"start":{"line":73,"column":11},"end":{"line":75,"column":5}},"type":"if","locations":[{"start":{"line":73,"column":11},"end":{"line":75,"column":5}},{"start":{},"end":{}}]},"13":{"loc":{"start":{"line":77,"column":4},"end":{"line":77,"column":75}},"type":"if","locations":[{"start":{"line":77,"column":4},"end":{"line":77,"column":75}},{"start":{},"end":{}}]},"14":{"loc":{"start":{"line":78,"column":4},"end":{"line":78,"column":81}},"type":"if","locations":[{"start":{"line":78,"column":4},"end":{"line":78,"column":81}},{"start":{},"end":{}}]},"15":{"loc":{"start":{"line":80,"column":4},"end":{"line":84,"column":5}},"type":"if","locations":[{"start":{"line":80,"column":4},"end":{"line":84,"column":5}},{"start":{},"end":{}}]},"16":{"loc":{"start":{"line":80,"column":8},"end":{"line":80,"column":30}},"type":"binary-expr","locations":[{"start":{"line":80,"column":8},"end":{"line":80,"column":18}},{"start":{"line":80,"column":22},"end":{"line":80,"column":30}}]},"17":{"loc":{"start":{"line":82,"column":6},"end":{"line":82,"column":75}},"type":"if","locations":[{"start":{"line":82,"column":6},"end":{"line":82,"column":75}},{"start":{},"end":{}}]},"18":{"loc":{"start":{"line":83,"column":6},"end":{"line":83,"column":71}},"type":"if","locations":[{"start":{"line":83,"column":6},"end":{"line":83,"column":71}},{"start":{},"end":{}}]},"19":{"loc":{"start":{"line":92,"column":4},"end":{"line":92,"column":27}},"type":"if","locations":[{"start":{"line":92,"column":4},"end":{"line":92,"column":27}},{"start":{},"end":{}}]},"20":{"loc":{"start":{"line":97,"column":4},"end":{"line":99,"column":5}},"type":"if","locations":[{"start":{"line":97,"column":4},"end":{"line":99,"column":5}},{"start":{},"end":{}}]},"21":{"loc":{"start":{"line":97,"column":8},"end":{"line":97,"column":42}},"type":"binary-expr","locations":[{"start":{"line":97,"column":8},"end":{"line":97,"column":16}},{"start":{"line":97,"column":20},"end":{"line":97,"column":28}},{"start":{"line":97,"column":32},"end":{"line":97,"column":42}}]},"22":{"loc":{"start":{"line":105,"column":4},"end":{"line":105,"column":27}},"type":"if","locations":[{"start":{"line":105,"column":4},"end":{"line":105,"column":27}},{"start":{},"end":{}}]},"23":{"loc":{"start":{"line":111,"column":4},"end":{"line":113,"column":5}},"type":"if","locations":[{"start":{"line":111,"column":4},"end":{"line":113,"column":5}},{"start":{},"end":{}}]},"24":{"loc":{"start":{"line":111,"column":8},"end":{"line":111,"column":42}},"type":"binary-expr","locations":[{"start":{"line":111,"column":8},"end":{"line":111,"column":16}},{"start":{"line":111,"column":20},"end":{"line":111,"column":28}},{"start":{"line":111,"column":32},"end":{"line":111,"column":42}}]},"25":{"loc":{"start":{"line":116,"column":4},"end":{"line":118,"column":5}},"type":"if","locations":[{"start":{"line":116,"column":4},"end":{"line":118,"column":5}},{"start":{},"end":{}}]},"26":{"loc":{"start":{"line":116,"column":8},"end":{"line":116,"column":57}},"type":"binary-expr","locations":[{"start":{"line":116,"column":8},"end":{"line":116,"column":30}},{"start":{"line":116,"column":34},"end":{"line":116,"column":57}}]},"27":{"loc":{"start":{"line":116,"column":36},"end":{"line":116,"column":56}},"type":"binary-expr","locations":[{"start":{"line":116,"column":36},"end":{"line":116,"column":45}},{"start":{"line":116,"column":49},"end":{"line":116,"column":56}}]},"28":{"loc":{"start":{"line":122,"column":4},"end":{"line":122,"column":63}},"type":"if","locations":[{"start":{"line":122,"column":4},"end":{"line":122,"column":63}},{"start":{},"end":{}}]},"29":{"loc":{"start":{"line":123,"column":4},"end":{"line":123,"column":57}},"type":"if","locations":[{"start":{"line":123,"column":4},"end":{"line":123,"column":57}},{"start":{},"end":{}}]},"30":{"loc":{"start":{"line":124,"column":4},"end":{"line":124,"column":58}},"type":"if","locations":[{"start":{"line":124,"column":4},"end":{"line":124,"column":58}},{"start":{},"end":{}}]},"31":{"loc":{"start":{"line":125,"column":4},"end":{"line":125,"column":70}},"type":"if","locations":[{"start":{"line":125,"column":4},"end":{"line":125,"column":70}},{"start":{},"end":{}}]},"32":{"loc":{"start":{"line":126,"column":4},"end":{"line":126,"column":47}},"type":"if","locations":[{"start":{"line":126,"column":4},"end":{"line":126,"column":47}},{"start":{},"end":{}}]},"33":{"loc":{"start":{"line":129,"column":21},"end":{"line":129,"column":51}},"type":"binary-expr","locations":[{"start":{"line":129,"column":21},"end":{"line":129,"column":34}},{"start":{"line":129,"column":38},"end":{"line":129,"column":51}}]},"34":{"loc":{"start":{"line":130,"column":19},"end":{"line":130,"column":45}},"type":"binary-expr","locations":[{"start":{"line":130,"column":19},"end":{"line":130,"column":30}},{"start":{"line":130,"column":34},"end":{"line":130,"column":45}}]},"35":{"loc":{"start":{"line":131,"column":4},"end":{"line":133,"column":5}},"type":"if","locations":[{"start":{"line":131,"column":4},"end":{"line":133,"column":5}},{"start":{},"end":{}}]},"36":{"loc":{"start":{"line":131,"column":8},"end":{"line":131,"column":78}},"type":"binary-expr","locations":[{"start":{"line":131,"column":8},"end":{"line":131,"column":31}},{"start":{"line":131,"column":35},"end":{"line":131,"column":56}},{"start":{"line":131,"column":60},"end":{"line":131,"column":78}}]},"37":{"loc":{"start":{"line":142,"column":4},"end":{"line":144,"column":5}},"type":"if","locations":[{"start":{"line":142,"column":4},"end":{"line":144,"column":5}},{"start":{},"end":{}}]},"38":{"loc":{"start":{"line":152,"column":4},"end":{"line":152,"column":28}},"type":"if","locations":[{"start":{"line":152,"column":4},"end":{"line":152,"column":28}},{"start":{},"end":{}}]},"39":{"loc":{"start":{"line":156,"column":4},"end":{"line":158,"column":5}},"type":"if","locations":[{"start":{"line":156,"column":4},"end":{"line":158,"column":5}},{"start":{},"end":{}}]},"40":{"loc":{"start":{"line":156,"column":8},"end":{"line":156,"column":28}},"type":"binary-expr","locations":[{"start":{"line":156,"column":8},"end":{"line":156,"column":16}},{"start":{"line":156,"column":20},"end":{"line":156,"column":28}}]}},"s":{"0":1,"1":1,"2":1,"3":7,"4":1,"5":6,"6":6,"7":1,"8":5,"9":1,"10":4,"11":4,"12":4,"13":4,"14":1,"15":3,"16":3,"17":3,"18":3,"19":3,"20":1,"21":2,"22":2,"23":1,"24":1,"25":1,"26":3,"27":3,"28":1,"29":2,"30":1,"31":3,"32":1,"33":3,"34":1,"35":3,"36":1,"37":1,"38":1,"39":1,"40":1,"41":3,"42":3,"43":2,"44":2,"45":0,"46":2,"47":2,"48":2,"49":2,"50":1,"51":1,"52":4,"53":4,"54":0,"55":4,"56":4,"57":4,"58":4,"59":0,"60":4,"61":1,"62":3,"63":3,"64":3,"65":3,"66":3,"67":3,"68":1,"69":3,"70":0,"71":3,"72":0,"73":3,"74":3,"75":3,"76":1,"77":2,"78":2,"79":1,"80":1,"81":1,"82":3,"83":3,"84":1,"85":2,"86":2,"87":2,"88":1,"89":1,"90":1,"91":1,"92":1},"f":{"0":7,"1":3,"2":2,"3":4,"4":3},"b":{"0":[1,6],"1":[7,7],"2":[1,5],"3":[1,4],"4":[4,4],"5":[1,3],"6":[4,4],"7":[3,0],"8":[1,2],"9":[1,1],"10":[1,0],"11":[1,2],"12":[1,1],"13":[1,2],"14":[1,2],"15":[1,2],"16":[3,2],"17":[1,0],"18":[1,0],"19":[0,2],"20":[1,1],"21":[2,1,1],"22":[0,4],"23":[0,4],"24":[4,3,2],"25":[1,3],"26":[4,1],"27":[1,1],"28":[3,0],"29":[3,0],"30":[1,2],"31":[0,3],"32":[0,3],"33":[3,0],"34":[3,0],"35":[1,2],"36":[3,3,3],"37":[1,1],"38":[1,2],"39":[1,1],"40":[2,1]}}
}
